<?xml version="1.0" encoding="UTF-8"?>
<coverage generated="1623087284864" clover="3.2.0">
  <project timestamp="1623087284866" name="All files">
    <metrics statements="24" coveredstatements="24" conditionals="14" coveredconditionals="12" methods="8" coveredmethods="8" elements="46" coveredelements="44" complexity="0" loc="24" ncloc="24" packages="1" files="4" classes="4"/>
    <file name="calc.js" path="/workspaces/vanilla-jest/src/app/calc.js">
      <metrics statements="2" coveredstatements="2" conditionals="0" coveredconditionals="0" methods="2" coveredmethods="2"/>
      <line num="4" count="1" type="stmt"/>
      <line num="8" count="1" type="stmt"/>
    </file>
    <file name="even-or-odd.js" path="/workspaces/vanilla-jest/src/app/even-or-odd.js">
      <metrics statements="3" coveredstatements="3" conditionals="2" coveredconditionals="2" methods="1" coveredmethods="1"/>
      <line num="4" count="2" type="cond" truecount="2" falsecount="0"/>
      <line num="5" count="1" type="stmt"/>
      <line num="7" count="1" type="stmt"/>
    </file>
    <file name="nif-validator.js" path="/workspaces/vanilla-jest/src/app/nif-validator.js">
      <metrics statements="13" coveredstatements="13" conditionals="10" coveredconditionals="8" methods="3" coveredmethods="3"/>
      <line num="6" count="3" type="cond" truecount="2" falsecount="0"/>
      <line num="7" count="1" type="stmt"/>
      <line num="10" count="2" type="cond" truecount="1" falsecount="1"/>
      <line num="12" count="2" type="stmt"/>
      <line num="15" count="2" type="stmt"/>
      <line num="19" count="2" type="cond" truecount="2" falsecount="0"/>
      <line num="24" count="2" type="stmt"/>
      <line num="25" count="2" type="stmt"/>
      <line num="26" count="2" type="stmt"/>
      <line num="29" count="2" type="cond" truecount="1" falsecount="1"/>
      <line num="30" count="2" type="cond" truecount="2" falsecount="0"/>
      <line num="31" count="1" type="stmt"/>
      <line num="33" count="1" type="stmt"/>
    </file>
    <file name="palindrome-checker.js" path="/workspaces/vanilla-jest/src/app/palindrome-checker.js">
      <metrics statements="6" coveredstatements="6" conditionals="2" coveredconditionals="2" methods="2" coveredmethods="2"/>
      <line num="9" count="2" type="stmt"/>
      <line num="10" count="2" type="stmt"/>
      <line num="16" count="2" type="stmt"/>
      <line num="19" count="2" type="stmt"/>
      <line num="22" count="2" type="cond" truecount="2" falsecount="0"/>
      <line num="23" count="2" type="stmt"/>
    </file>
  </project>
</coverage>
