<?xml version="1.0" encoding="UTF-8"?>
<coverage generated="1623084856303" clover="3.2.0">
  <project timestamp="1623084856305" name="All files">
    <metrics statements="13" coveredstatements="13" conditionals="10" coveredconditionals="8" methods="3" coveredmethods="3" elements="26" coveredelements="24" complexity="0" loc="13" ncloc="13" packages="1" files="1" classes="1"/>
    <file name="nif-validator.js" path="/workspaces/vanilla-jest/src/app/nif-validator.js">
      <metrics statements="13" coveredstatements="13" conditionals="10" coveredconditionals="8" methods="3" coveredmethods="3"/>
      <line num="4" count="3" type="cond" truecount="2" falsecount="0"/>
      <line num="5" count="1" type="stmt"/>
      <line num="8" count="2" type="cond" truecount="1" falsecount="1"/>
      <line num="10" count="2" type="stmt"/>
      <line num="13" count="2" type="stmt"/>
      <line num="17" count="2" type="cond" truecount="2" falsecount="0"/>
      <line num="22" count="2" type="stmt"/>
      <line num="23" count="2" type="stmt"/>
      <line num="24" count="2" type="stmt"/>
      <line num="27" count="2" type="cond" truecount="1" falsecount="1"/>
      <line num="28" count="2" type="cond" truecount="2" falsecount="0"/>
      <line num="29" count="1" type="stmt"/>
      <line num="31" count="1" type="stmt"/>
    </file>
  </project>
</coverage>
