{"/workspaces/vanilla-jest/fixtures/coffees.js": {"path":"/workspaces/vanilla-jest/fixtures/coffees.js","statementMap":{"0":{"start":{"line":1,"column":23},"end":{"line":134,"column":1}}},"fnMap":{},"branchMap":{},"s":{"0":1},"f":{},"b":{},"_coverageSchema":"1a1c01bbd47fc00a2c39e90264f33305004495a9","hash":"591a0dbab4c7f55763f69fa52b8faae6aad2caa0"}
,"/workspaces/vanilla-jest/src/app/coffee/coffees.respository.js": {"path":"/workspaces/vanilla-jest/src/app/coffee/coffees.respository.js","statementMap":{"0":{"start":{"line":7,"column":26},"end":{"line":7,"column":82}},"1":{"start":{"line":8,"column":4},"end":{"line":8,"column":25}}},"fnMap":{"0":{"name":"(anonymous_0)","decl":{"start":{"line":6,"column":2},"end":{"line":6,"column":3}},"loc":{"start":{"line":6,"column":24},"end":{"line":9,"column":3}},"line":6}},"branchMap":{},"s":{"0":1,"1":1},"f":{"0":1},"b":{},"_coverageSchema":"1a1c01bbd47fc00a2c39e90264f33305004495a9","hash":"25d8a95473c9fdd436b670a3e42b1ffb882ecce9"}
}
