{"/workspaces/vanilla-jest/src/app/calc.js": {"path":"/workspaces/vanilla-jest/src/app/calc.js","statementMap":{"0":{"start":{"line":4,"column":4},"end":{"line":4,"column":17}},"1":{"start":{"line":8,"column":4},"end":{"line":8,"column":17}}},"fnMap":{"0":{"name":"(anonymous_0)","decl":{"start":{"line":3,"column":2},"end":{"line":3,"column":3}},"loc":{"start":{"line":3,"column":11},"end":{"line":5,"column":3}},"line":3},"1":{"name":"(anonymous_1)","decl":{"start":{"line":7,"column":2},"end":{"line":7,"column":3}},"loc":{"start":{"line":7,"column":16},"end":{"line":9,"column":3}},"line":7}},"branchMap":{},"s":{"0":1,"1":1},"f":{"0":1,"1":1},"b":{},"_coverageSchema":"1a1c01bbd47fc00a2c39e90264f33305004495a9","hash":"d6ef339b7257fc85f9a8d1c16b718410b5ec0a12"}
,"/workspaces/vanilla-jest/src/app/even-or-odd.js": {"path":"/workspaces/vanilla-jest/src/app/even-or-odd.js","statementMap":{"0":{"start":{"line":4,"column":4},"end":{"line":8,"column":5}},"1":{"start":{"line":5,"column":6},"end":{"line":5,"column":22}},"2":{"start":{"line":7,"column":6},"end":{"line":7,"column":24}}},"fnMap":{"0":{"name":"(anonymous_0)","decl":{"start":{"line":3,"column":2},"end":{"line":3,"column":3}},"loc":{"start":{"line":3,"column":18},"end":{"line":9,"column":3}},"line":3}},"branchMap":{"0":{"loc":{"start":{"line":4,"column":4},"end":{"line":8,"column":5}},"type":"if","locations":[{"start":{"line":4,"column":4},"end":{"line":8,"column":5}},{"start":{"line":4,"column":4},"end":{"line":8,"column":5}}],"line":4}},"s":{"0":2,"1":1,"2":1},"f":{"0":2},"b":{"0":[1,1]},"_coverageSchema":"1a1c01bbd47fc00a2c39e90264f33305004495a9","hash":"d7f7e1b94794392e4426b74a420085d0f31ef87e"}
,"/workspaces/vanilla-jest/src/app/nif-validator.js": {"path":"/workspaces/vanilla-jest/src/app/nif-validator.js","statementMap":{"0":{"start":{"line":6,"column":4},"end":{"line":8,"column":5}},"1":{"start":{"line":7,"column":6},"end":{"line":7,"column":43}},"2":{"start":{"line":10,"column":4},"end":{"line":36,"column":5}},"3":{"start":{"line":12,"column":20},"end":{"line":12,"column":35}},"4":{"start":{"line":15,"column":22},"end":{"line":15,"column":34}},"5":{"start":{"line":19,"column":8},"end":{"line":19,"column":37}},"6":{"start":{"line":24,"column":24},"end":{"line":24,"column":49}},"7":{"start":{"line":25,"column":26},"end":{"line":25,"column":44}},"8":{"start":{"line":26,"column":8},"end":{"line":26,"column":43}},"9":{"start":{"line":29,"column":6},"end":{"line":35,"column":7}},"10":{"start":{"line":30,"column":8},"end":{"line":34,"column":9}},"11":{"start":{"line":31,"column":10},"end":{"line":31,"column":40}},"12":{"start":{"line":33,"column":10},"end":{"line":33,"column":65}}},"fnMap":{"0":{"name":"(anonymous_0)","decl":{"start":{"line":3,"column":2},"end":{"line":3,"column":3}},"loc":{"start":{"line":3,"column":16},"end":{"line":37,"column":3}},"line":3},"1":{"name":"validRemainder","decl":{"start":{"line":18,"column":15},"end":{"line":18,"column":29}},"loc":{"start":{"line":18,"column":35},"end":{"line":20,"column":7}},"line":18},"2":{"name":"findLetter","decl":{"start":{"line":23,"column":15},"end":{"line":23,"column":25}},"loc":{"start":{"line":23,"column":37},"end":{"line":27,"column":7}},"line":23}},"branchMap":{"0":{"loc":{"start":{"line":6,"column":4},"end":{"line":8,"column":5}},"type":"if","locations":[{"start":{"line":6,"column":4},"end":{"line":8,"column":5}},{"start":{"line":6,"column":4},"end":{"line":8,"column":5}}],"line":6},"1":{"loc":{"start":{"line":10,"column":4},"end":{"line":36,"column":5}},"type":"if","locations":[{"start":{"line":10,"column":4},"end":{"line":36,"column":5}},{"start":{"line":10,"column":4},"end":{"line":36,"column":5}}],"line":10},"2":{"loc":{"start":{"line":19,"column":15},"end":{"line":19,"column":36}},"type":"binary-expr","locations":[{"start":{"line":19,"column":15},"end":{"line":19,"column":23}},{"start":{"line":19,"column":27},"end":{"line":19,"column":36}}],"line":19},"3":{"loc":{"start":{"line":29,"column":6},"end":{"line":35,"column":7}},"type":"if","locations":[{"start":{"line":29,"column":6},"end":{"line":35,"column":7}},{"start":{"line":29,"column":6},"end":{"line":35,"column":7}}],"line":29},"4":{"loc":{"start":{"line":30,"column":8},"end":{"line":34,"column":9}},"type":"if","locations":[{"start":{"line":30,"column":8},"end":{"line":34,"column":9}},{"start":{"line":30,"column":8},"end":{"line":34,"column":9}}],"line":30}},"s":{"0":3,"1":1,"2":2,"3":2,"4":2,"5":2,"6":2,"7":2,"8":2,"9":2,"10":2,"11":1,"12":1},"f":{"0":3,"1":2,"2":2},"b":{"0":[1,2],"1":[2,0],"2":[2,2],"3":[2,0],"4":[1,1]},"_coverageSchema":"1a1c01bbd47fc00a2c39e90264f33305004495a9","hash":"ccfc84b39766737ef6ce554c10238dcbbc93c5e0"}
,"/workspaces/vanilla-jest/src/app/palindrome-checker.js": {"path":"/workspaces/vanilla-jest/src/app/palindrome-checker.js","statementMap":{"0":{"start":{"line":9,"column":25},"end":{"line":14,"column":5}},"1":{"start":{"line":10,"column":6},"end":{"line":13,"column":53}},"2":{"start":{"line":16,"column":28},"end":{"line":16,"column":45}},"3":{"start":{"line":19,"column":25},"end":{"line":19,"column":69}},"4":{"start":{"line":22,"column":25},"end":{"line":22,"column":98}},"5":{"start":{"line":23,"column":4},"end":{"line":23,"column":24}}},"fnMap":{"0":{"name":"(anonymous_0)","decl":{"start":{"line":3,"column":2},"end":{"line":3,"column":3}},"loc":{"start":{"line":3,"column":19},"end":{"line":24,"column":3}},"line":3},"1":{"name":"(anonymous_1)","decl":{"start":{"line":9,"column":25},"end":{"line":9,"column":26}},"loc":{"start":{"line":9,"column":34},"end":{"line":14,"column":5}},"line":9}},"branchMap":{"0":{"loc":{"start":{"line":22,"column":25},"end":{"line":22,"column":98}},"type":"cond-expr","locations":[{"start":{"line":22,"column":62},"end":{"line":22,"column":77}},{"start":{"line":22,"column":80},"end":{"line":22,"column":98}}],"line":22}},"s":{"0":2,"1":2,"2":2,"3":2,"4":2,"5":2},"f":{"0":2,"1":2},"b":{"0":[1,1]},"_coverageSchema":"1a1c01bbd47fc00a2c39e90264f33305004495a9","hash":"4a45599582ce271e0c5deaa77efc96f14b327091"}
}
