TN:
SF:src/app/calc.js
FN:3,(anonymous_0)
FN:7,(anonymous_1)
FNF:2
FNH:2
FNDA:1,(anonymous_0)
FNDA:1,(anonymous_1)
DA:4,1
DA:8,1
LF:2
LH:2
BRF:0
BRH:0
end_of_record
TN:
SF:src/app/even-or-odd.js
FN:3,(anonymous_0)
FNF:1
FNH:1
FNDA:2,(anonymous_0)
DA:4,2
DA:5,1
DA:7,1
LF:3
LH:3
BRDA:4,0,0,1
BRDA:4,0,1,1
BRF:2
BRH:2
end_of_record
TN:
SF:src/app/nif-validator.js
FN:3,(anonymous_0)
FN:18,validRemainder
FN:23,findLetter
FNF:3
FNH:3
FNDA:3,(anonymous_0)
FNDA:2,validRemainder
FNDA:2,findLetter
DA:6,3
DA:7,1
DA:10,2
DA:12,2
DA:15,2
DA:19,2
DA:24,2
DA:25,2
DA:26,2
DA:29,2
DA:30,2
DA:31,1
DA:33,1
LF:13
LH:13
BRDA:6,0,0,1
BRDA:6,0,1,2
BRDA:10,1,0,2
BRDA:10,1,1,0
BRDA:19,2,0,2
BRDA:19,2,1,2
BRDA:29,3,0,2
BRDA:29,3,1,0
BRDA:30,4,0,1
BRDA:30,4,1,1
BRF:10
BRH:8
end_of_record
TN:
SF:src/app/palindrome-checker.js
FN:3,(anonymous_0)
FN:9,(anonymous_1)
FNF:2
FNH:2
FNDA:2,(anonymous_0)
FNDA:2,(anonymous_1)
DA:9,2
DA:10,2
DA:16,2
DA:19,2
DA:22,2
DA:23,2
LF:6
LH:6
BRDA:22,0,0,1
BRDA:22,0,1,1
BRF:2
BRH:2
end_of_record
